  Bank Management System.cpp
C:\Users\User\Desktop\Office\Programming Advices\Course 11\Bank Management System\Bank Management System\clsString.h(43,25): warning C4267: 'return': conversion from 'size_t' to 'short', possible loss of data
  (compiling source file 'Bank%20Management%20System.cpp')
  
C:\Users\User\Desktop\Office\Programming Advices\Course 11\Bank Management System\Bank Management System\clsString.h(48,29): warning C4267: 'return': conversion from 'size_t' to 'short', possible loss of data
  (compiling source file 'Bank%20Management%20System.cpp')
  
C:\Users\User\Desktop\Office\Programming Advices\Course 11\Bank Management System\Bank Management System\clsString.h(60,30): warning C4267: '=': conversion from 'size_t' to 'short', possible loss of data
  (compiling source file 'Bank%20Management%20System.cpp')
  
C:\Users\User\Desktop\Office\Programming Advices\Course 11\Bank Management System\Bank Management System\clsString.h(197,29): warning C4267: 'return': conversion from 'size_t' to 'short', possible loss of data
  (compiling source file 'Bank%20Management%20System.cpp')
  
C:\Users\User\Desktop\Office\Programming Advices\Course 11\Bank Management System\Bank Management System\clsString.h(328,30): warning C4267: '=': conversion from 'size_t' to 'short', possible loss of data
  (compiling source file 'Bank%20Management%20System.cpp')
  
C:\Users\User\Desktop\Office\Programming Advices\Course 11\Bank Management System\Bank Management System\clsString.h(376,22): warning C4267: 'initializing': conversion from 'size_t' to 'short', possible loss of data
  (compiling source file 'Bank%20Management%20System.cpp')
  
C:\Users\User\Desktop\Office\Programming Advices\Course 11\Bank Management System\Bank Management System\clsUtil.h(64,5): warning C4102: 'defualt': unreferenced label
  (compiling source file 'Bank%20Management%20System.cpp')
  
C:\Users\User\Desktop\Office\Programming Advices\Course 11\Bank Management System\Bank Management System\clsUser.h(198,12): warning C4240: nonstandard extension used: access to 'clsUser::stLoginRegisterRecord' now defined to be 'public', previously it was defined to be 'private'
  (compiling source file 'Bank%20Management%20System.cpp')
      C:\Users\User\Desktop\Office\Programming Advices\Course 11\Bank Management System\Bank Management System\clsUser.h(26,12):
      see declaration of 'clsUser::stLoginRegisterRecord'
  
C:\Users\User\Desktop\Office\Programming Advices\Course 11\Bank Management System\Bank Management System\clsBankClient.h(206,12): warning C4240: nonstandard extension used: access to 'clsBankClient::stTrnsferLogRecord' now defined to be 'public', previously it was defined to be 'private'
  (compiling source file 'Bank%20Management%20System.cpp')
      C:\Users\User\Desktop\Office\Programming Advices\Course 11\Bank Management System\Bank Management System\clsBankClient.h(152,12):
      see declaration of 'clsBankClient::stTrnsferLogRecord'
  
C:\Users\User\Desktop\Office\Programming Advices\Course 11\Bank Management System\Bank Management System\clsBankClient.h(28,65): warning C4244: 'argument': conversion from 'double' to 'float', possible loss of data
  (compiling source file 'Bank%20Management%20System.cpp')
  
C:\Users\User\Desktop\Office\Programming Advices\Course 11\Bank Management System\Bank Management System\clsBankClient.h(162,39): warning C4244: '=': conversion from 'double' to 'float', possible loss of data
  (compiling source file 'Bank%20Management%20System.cpp')
  
C:\Users\User\Desktop\Office\Programming Advices\Course 11\Bank Management System\Bank Management System\clsBankClient.h(163,48): warning C4244: '=': conversion from 'double' to 'float', possible loss of data
  (compiling source file 'Bank%20Management%20System.cpp')
  
C:\Users\User\Desktop\Office\Programming Advices\Course 11\Bank Management System\Bank Management System\clsBankClient.h(164,49): warning C4244: '=': conversion from 'double' to 'float', possible loss of data
  (compiling source file 'Bank%20Management%20System.cpp')
  
C:\Users\User\Desktop\Office\Programming Advices\Course 11\Bank Management System\Bank Management System\clsBankClient.h(421,28): warning C4244: '+=': conversion from 'double' to 'float', possible loss of data
  (compiling source file 'Bank%20Management%20System.cpp')
  
C:\Users\User\Desktop\Office\Programming Advices\Course 11\Bank Management System\Bank Management System\clsBankClient.h(434,32): warning C4244: '-=': conversion from 'double' to 'float', possible loss of data
  (compiling source file 'Bank%20Management%20System.cpp')
  
C:\Users\User\Desktop\Office\Programming Advices\Course 11\Bank Management System\Bank Management System\clsTotalBalancesScreen.h(57,82): warning C4244: 'argument': conversion from 'double' to 'int', possible loss of data
  (compiling source file 'Bank%20Management%20System.cpp')
  
C:\Users\User\Desktop\Office\Programming Advices\Course 11\Bank Management System\Bank Management System\clsTransferScreen.h(47,58): warning C4244: '=': conversion from 'T' to 'float', possible loss of data
C:\Users\User\Desktop\Office\Programming Advices\Course 11\Bank Management System\Bank Management System\clsTransferScreen.h(47,58): warning C4244:         with
C:\Users\User\Desktop\Office\Programming Advices\Course 11\Bank Management System\Bank Management System\clsTransferScreen.h(47,58): warning C4244:         [
C:\Users\User\Desktop\Office\Programming Advices\Course 11\Bank Management System\Bank Management System\clsTransferScreen.h(47,58): warning C4244:             T=double
C:\Users\User\Desktop\Office\Programming Advices\Course 11\Bank Management System\Bank Management System\clsTransferScreen.h(47,58): warning C4244:         ]
  (compiling source file 'Bank%20Management%20System.cpp')
  
C:\Users\User\Desktop\Office\Programming Advices\Course 11\Bank Management System\Bank Management System\clsCurrency.h(27,17): warning C4244: 'argument': conversion from 'double' to 'float', possible loss of data
  (compiling source file 'Bank%20Management%20System.cpp')
  
C:\Users\User\Desktop\Office\Programming Advices\Course 11\Bank Management System\Bank Management System\clsBankClient.h(376): warning C4715: 'clsBankClient::Save': not all control paths return a value
C:\Users\User\Desktop\Office\Programming Advices\Course 11\Bank Management System\Bank Management System\clsBankClient.h(438): warning C4715: 'clsBankClient::Withdraw': not all control paths return a value
C:\Users\User\Desktop\Office\Programming Advices\Course 11\Bank Management System\Bank Management System\clsUser.h(360): warning C4715: 'clsUser::Save': not all control paths return a value
  Bank Management System.vcxproj -> C:\Users\User\Desktop\Office\Programming Advices\Course 11\Bank Management System\x64\Debug\Bank Management System.exe
